2014-05-28 17:12:26 =ERROR REPORT====
** Generic server boss_web terminating 
** Last message in was timeout
** When Server state == {state,[],<0.158.0>,{ok,<0.273.0>},undefined,true}
** Reason for termination == 
** {'module could not be loaded',[{bcrypt,start,[],[]},{boss_web_controller,process_compile_result,3,[{file,"src/boss/boss_web_controller.erl"},{line,260}]},{lists,foldl,3,[{file,"lists.erl"},{line,1261}]},{boss_web_controller_util,make_boss_app_info,10,[{file,"src/boss/boss_web_controller_util.erl"},{line,21}]},{lists,map,2,[{file,"lists.erl"},{line,1237}]},{lists,map,2,[{file,"lists.erl"},{line,1237}]},{boss_web_controller,handle_info,2,[{file,"src/boss/boss_web_controller.erl"},{line,101}]},{gen_server,handle_msg,5,[{file,"gen_server.erl"},{line,599}]}]}
2014-05-28 17:12:26 =CRASH REPORT====
  crasher:
    initial call: boss_web_controller:init/1
    pid: <0.94.0>
    registered_name: boss_web
    exception exit: {{undef,[{bcrypt,start,[],[]},{boss_web_controller,process_compile_result,3,[{file,"src/boss/boss_web_controller.erl"},{line,260}]},{lists,foldl,3,[{file,"lists.erl"},{line,1261}]},{boss_web_controller_util,make_boss_app_info,10,[{file,"src/boss/boss_web_controller_util.erl"},{line,21}]},{lists,map,2,[{file,"lists.erl"},{line,1237}]},{lists,map,2,[{file,"lists.erl"},{line,1237}]},{boss_web_controller,handle_info,2,[{file,"src/boss/boss_web_controller.erl"},{line,101}]},{gen_server,handle_msg,5,[{file,"gen_server.erl"},{line,599}]}]},[{gen_server,terminate,6,[{file,"gen_server.erl"},{line,746}]},{proc_lib,init_p_do_apply,3,[{file,"proc_lib.erl"},{line,239}]}]}
    ancestors: [boss_sup,<0.92.0>]
    messages: []
    links: [<0.158.0>,<0.277.0>,<0.280.0>,<0.283.0>,<0.274.0>,<0.121.0>,<0.152.0>,<0.154.0>,<0.144.0>,<0.111.0>,<0.119.0>,<0.93.0>]
    dictionary: [{random_seed,{15442,13541,936}},{boss_environment,development}]
    trap_exit: false
    status: running
    heap_size: 196650
    stack_size: 27
    reductions: 725308
  neighbours:
2014-05-28 17:12:26 =SUPERVISOR REPORT====
     Supervisor: {local,boss_sup}
     Context:    child_terminated
     Reason:     {undef,[{bcrypt,start,[],[]},{boss_web_controller,process_compile_result,3,[{file,"src/boss/boss_web_controller.erl"},{line,260}]},{lists,foldl,3,[{file,"lists.erl"},{line,1261}]},{boss_web_controller_util,make_boss_app_info,10,[{file,"src/boss/boss_web_controller_util.erl"},{line,21}]},{lists,map,2,[{file,"lists.erl"},{line,1237}]},{lists,map,2,[{file,"lists.erl"},{line,1237}]},{boss_web_controller,handle_info,2,[{file,"src/boss/boss_web_controller.erl"},{line,101}]},{gen_server,handle_msg,5,[{file,"gen_server.erl"},{line,599}]}]}
     Offender:   [{pid,<0.94.0>},{name,boss_web_controller},{mfargs,{boss_web_controller,start_link,[[{ip,"0.0.0.0"},{port,8001}]]}},{restart_type,permanent},{shutdown,5000},{child_type,worker}]

2014-05-28 17:12:26 =ERROR REPORT====
** Generic server boss_session_sup terminating 
** Last message in was {'EXIT',<0.94.0>,{undef,[{bcrypt,start,[],[]},{boss_web_controller,process_compile_result,3,[{file,"src/boss/boss_web_controller.erl"},{line,260}]},{lists,foldl,3,[{file,"lists.erl"},{line,1261}]},{boss_web_controller_util,make_boss_app_info,10,[{file,"src/boss/boss_web_controller_util.erl"},{line,21}]},{lists,map,2,[{file,"lists.erl"},{line,1237}]},{lists,map,2,[{file,"lists.erl"},{line,1237}]},{boss_web_controller,handle_info,2,[{file,"src/boss/boss_web_controller.erl"},{line,101}]},{gen_server,handle_msg,5,[{file,"gen_server.erl"},{line,599}]}]}}
** When Server state == {state,{local,boss_session_sup},one_for_one,[{child,<0.122.0>,session_controller,{poolboy,start_link,[[{name,{local,boss_session_pool}},{worker_module,boss_session_controller},{size,20},{max_overflow,40},{adapter,boss_session_adapter_mock},{session_exp_time,525600},{session_key,"_boss_session"}]]},permanent,2000,worker,[poolboy]}],undefined,10,10,[],boss_session_sup,[{adapter,boss_session_adapter_mock},{session_exp_time,525600},{session_key,"_boss_session"}]}
** Reason for termination == 
** {'module could not be loaded',[{bcrypt,start,[],[]},{boss_web_controller,process_compile_result,3,[{file,"src/boss/boss_web_controller.erl"},{line,260}]},{lists,foldl,3,[{file,"lists.erl"},{line,1261}]},{boss_web_controller_util,make_boss_app_info,10,[{file,"src/boss/boss_web_controller_util.erl"},{line,21}]},{lists,map,2,[{file,"lists.erl"},{line,1237}]},{lists,map,2,[{file,"lists.erl"},{line,1237}]},{boss_web_controller,handle_info,2,[{file,"src/boss/boss_web_controller.erl"},{line,101}]},{gen_server,handle_msg,5,[{file,"gen_server.erl"},{line,599}]}]}
2014-05-28 17:12:26 =CRASH REPORT====
  crasher:
    initial call: supervisor:boss_session_sup/1
    pid: <0.121.0>
    registered_name: boss_session_sup
    exception exit: {{undef,[{bcrypt,start,[],[]},{boss_web_controller,process_compile_result,3,[{file,"src/boss/boss_web_controller.erl"},{line,260}]},{lists,foldl,3,[{file,"lists.erl"},{line,1261}]},{boss_web_controller_util,make_boss_app_info,10,[{file,"src/boss/boss_web_controller_util.erl"},{line,21}]},{lists,map,2,[{file,"lists.erl"},{line,1237}]},{lists,map,2,[{file,"lists.erl"},{line,1237}]},{boss_web_controller,handle_info,2,[{file,"src/boss/boss_web_controller.erl"},{line,101}]},{gen_server,handle_msg,5,[{file,"gen_server.erl"},{line,599}]}]},[{gen_server,terminate,6,[{file,"gen_server.erl"},{line,746}]},{proc_lib,init_p_do_apply,3,[{file,"proc_lib.erl"},{line,239}]}]}
    ancestors: [boss_web,boss_sup,<0.92.0>]
    messages: []
    links: []
    dictionary: []
    trap_exit: true
    status: running
    heap_size: 987
    stack_size: 27
    reductions: 256
  neighbours:
2014-05-28 17:12:26 =SUPERVISOR REPORT====
     Supervisor: {<0.123.0>,poolboy_sup}
     Context:    shutdown_error
     Reason:     shutdown
     Offender:   [{nb_children,1},{name,boss_session_controller},{mfargs,{boss_session_controller,start_link,[[{name,{local,boss_session_pool}},{worker_module,boss_session_controller},{size,20},{max_overflow,40},{adapter,boss_session_adapter_mock},{session_exp_time,525600},{session_key,"_boss_session"}]]}},{restart_type,temporary},{shutdown,5000},{child_type,worker}]

2014-05-28 17:12:26 =ERROR REPORT====
** Generic server boss_session_mock_sup terminating 
** Last message in was {'EXIT',<0.94.0>,{undef,[{bcrypt,start,[],[]},{boss_web_controller,process_compile_result,3,[{file,"src/boss/boss_web_controller.erl"},{line,260}]},{lists,foldl,3,[{file,"lists.erl"},{line,1261}]},{boss_web_controller_util,make_boss_app_info,10,[{file,"src/boss/boss_web_controller_util.erl"},{line,21}]},{lists,map,2,[{file,"lists.erl"},{line,1237}]},{lists,map,2,[{file,"lists.erl"},{line,1237}]},{boss_web_controller,handle_info,2,[{file,"src/boss/boss_web_controller.erl"},{line,101}]},{gen_server,handle_msg,5,[{file,"gen_server.erl"},{line,599}]}]}}
** When Server state == {state,{global,boss_session_mock_sup},one_for_one,[{child,<0.120.0>,session_mock_controller,{boss_session_mock_controller,start_link,[[]]},permanent,2000,worker,[boss_session_mock_controller]}],undefined,10,10,[],boss_session_mock_sup,[]}
** Reason for termination == 
** {'module could not be loaded',[{bcrypt,start,[],[]},{boss_web_controller,process_compile_result,3,[{file,"src/boss/boss_web_controller.erl"},{line,260}]},{lists,foldl,3,[{file,"lists.erl"},{line,1261}]},{boss_web_controller_util,make_boss_app_info,10,[{file,"src/boss/boss_web_controller_util.erl"},{line,21}]},{lists,map,2,[{file,"lists.erl"},{line,1237}]},{lists,map,2,[{file,"lists.erl"},{line,1237}]},{boss_web_controller,handle_info,2,[{file,"src/boss/boss_web_controller.erl"},{line,101}]},{gen_server,handle_msg,5,[{file,"gen_server.erl"},{line,599}]}]}
2014-05-28 17:12:26 =CRASH REPORT====
  crasher:
    initial call: supervisor:boss_session_mock_sup/1
    pid: <0.119.0>
    registered_name: []
    exception exit: {{undef,[{bcrypt,start,[],[]},{boss_web_controller,process_compile_result,3,[{file,"src/boss/boss_web_controller.erl"},{line,260}]},{lists,foldl,3,[{file,"lists.erl"},{line,1261}]},{boss_web_controller_util,make_boss_app_info,10,[{file,"src/boss/boss_web_controller_util.erl"},{line,21}]},{lists,map,2,[{file,"lists.erl"},{line,1237}]},{lists,map,2,[{file,"lists.erl"},{line,1237}]},{boss_web_controller,handle_info,2,[{file,"src/boss/boss_web_controller.erl"},{line,101}]},{gen_server,handle_msg,5,[{file,"gen_server.erl"},{line,599}]}]},[{gen_server,terminate,6,[{file,"gen_server.erl"},{line,746}]},{proc_lib,init_p_do_apply,3,[{file,"proc_lib.erl"},{line,239}]}]}
    ancestors: [boss_web,boss_sup,<0.92.0>]
    messages: []
    links: []
    dictionary: []
    trap_exit: true
    status: running
    heap_size: 987
    stack_size: 27
    reductions: 278
  neighbours:
2014-05-28 17:12:26 =ERROR REPORT====
** Generic server boss_db_sup terminating 
** Last message in was {'EXIT',<0.94.0>,{undef,[{bcrypt,start,[],[]},{boss_web_controller,process_compile_result,3,[{file,"src/boss/boss_web_controller.erl"},{line,260}]},{lists,foldl,3,[{file,"lists.erl"},{line,1261}]},{boss_web_controller_util,make_boss_app_info,10,[{file,"src/boss/boss_web_controller_util.erl"},{line,21}]},{lists,map,2,[{file,"lists.erl"},{line,1237}]},{lists,map,2,[{file,"lists.erl"},{line,1237}]},{boss_web_controller,handle_info,2,[{file,"src/boss/boss_web_controller.erl"},{line,101}]},{gen_server,handle_msg,5,[{file,"gen_server.erl"},{line,599}]}]}}
** When Server state == {state,{local,boss_db_sup},one_for_one,[{child,<0.112.0>,db_controller,{poolboy,start_link,[[{name,{local,boss_db_pool}},{worker_module,boss_db_controller},{size,5},{max_overflow,10},{adapter,mnesia},{cache_enable,false},{cache_prefix,db},{shards,[]},{is_master_node,true},{db_host,"localhost"},{db_port,1978}]]},permanent,2000,worker,[poolboy]}],undefined,10,10,[],boss_db_sup,[{adapter,mnesia},{cache_enable,false},{cache_prefix,db},{shards,[]},{is_master_node,true},{db_host,"localhost"},{db_port,1978}]}
** Reason for termination == 
** {'module could not be loaded',[{bcrypt,start,[],[]},{boss_web_controller,process_compile_result,3,[{file,"src/boss/boss_web_controller.erl"},{line,260}]},{lists,foldl,3,[{file,"lists.erl"},{line,1261}]},{boss_web_controller_util,make_boss_app_info,10,[{file,"src/boss/boss_web_controller_util.erl"},{line,21}]},{lists,map,2,[{file,"lists.erl"},{line,1237}]},{lists,map,2,[{file,"lists.erl"},{line,1237}]},{boss_web_controller,handle_info,2,[{file,"src/boss/boss_web_controller.erl"},{line,101}]},{gen_server,handle_msg,5,[{file,"gen_server.erl"},{line,599}]}]}
2014-05-28 17:12:26 =CRASH REPORT====
  crasher:
    initial call: supervisor:boss_db_sup/1
    pid: <0.111.0>
    registered_name: boss_db_sup
    exception exit: {{undef,[{bcrypt,start,[],[]},{boss_web_controller,process_compile_result,3,[{file,"src/boss/boss_web_controller.erl"},{line,260}]},{lists,foldl,3,[{file,"lists.erl"},{line,1261}]},{boss_web_controller_util,make_boss_app_info,10,[{file,"src/boss/boss_web_controller_util.erl"},{line,21}]},{lists,map,2,[{file,"lists.erl"},{line,1237}]},{lists,map,2,[{file,"lists.erl"},{line,1237}]},{boss_web_controller,handle_info,2,[{file,"src/boss/boss_web_controller.erl"},{line,101}]},{gen_server,handle_msg,5,[{file,"gen_server.erl"},{line,599}]}]},[{gen_server,terminate,6,[{file,"gen_server.erl"},{line,746}]},{proc_lib,init_p_do_apply,3,[{file,"proc_lib.erl"},{line,239}]}]}
    ancestors: [boss_web,boss_sup,<0.92.0>]
    messages: []
    links: []
    dictionary: []
    trap_exit: true
    status: running
    heap_size: 987
    stack_size: 27
    reductions: 288
  neighbours:
2014-05-28 17:12:26 =ERROR REPORT====
** Generic server boss_mq_sup terminating 
** Last message in was {'EXIT',<0.94.0>,{undef,[{bcrypt,start,[],[]},{boss_web_controller,process_compile_result,3,[{file,"src/boss/boss_web_controller.erl"},{line,260}]},{lists,foldl,3,[{file,"lists.erl"},{line,1261}]},{boss_web_controller_util,make_boss_app_info,10,[{file,"src/boss/boss_web_controller_util.erl"},{line,21}]},{lists,map,2,[{file,"lists.erl"},{line,1237}]},{lists,map,2,[{file,"lists.erl"},{line,1237}]},{boss_web_controller,handle_info,2,[{file,"src/boss/boss_web_controller.erl"},{line,101}]},{gen_server,handle_msg,5,[{file,"gen_server.erl"},{line,599}]}]}}
** When Server state == {state,{global,boss_mq_sup},one_for_one,[{child,<0.145.0>,mq_controller,{boss_mq_controller,start_link,[[{adapter,boss_mq_adapter_tinymq}]]},permanent,2000,worker,[boss_mq_controller]}],undefined,10,10,[],boss_mq_sup,[{adapter,boss_mq_adapter_tinymq}]}
** Reason for termination == 
** {'module could not be loaded',[{bcrypt,start,[],[]},{boss_web_controller,process_compile_result,3,[{file,"src/boss/boss_web_controller.erl"},{line,260}]},{lists,foldl,3,[{file,"lists.erl"},{line,1261}]},{boss_web_controller_util,make_boss_app_info,10,[{file,"src/boss/boss_web_controller_util.erl"},{line,21}]},{lists,map,2,[{file,"lists.erl"},{line,1237}]},{lists,map,2,[{file,"lists.erl"},{line,1237}]},{boss_web_controller,handle_info,2,[{file,"src/boss/boss_web_controller.erl"},{line,101}]},{gen_server,handle_msg,5,[{file,"gen_server.erl"},{line,599}]}]}
2014-05-28 17:12:26 =CRASH REPORT====
  crasher:
    initial call: supervisor:boss_mq_sup/1
    pid: <0.144.0>
    registered_name: []
    exception exit: {{undef,[{bcrypt,start,[],[]},{boss_web_controller,process_compile_result,3,[{file,"src/boss/boss_web_controller.erl"},{line,260}]},{lists,foldl,3,[{file,"lists.erl"},{line,1261}]},{boss_web_controller_util,make_boss_app_info,10,[{file,"src/boss/boss_web_controller_util.erl"},{line,21}]},{lists,map,2,[{file,"lists.erl"},{line,1237}]},{lists,map,2,[{file,"lists.erl"},{line,1237}]},{boss_web_controller,handle_info,2,[{file,"src/boss/boss_web_controller.erl"},{line,101}]},{gen_server,handle_msg,5,[{file,"gen_server.erl"},{line,599}]}]},[{gen_server,terminate,6,[{file,"gen_server.erl"},{line,746}]},{proc_lib,init_p_do_apply,3,[{file,"proc_lib.erl"},{line,239}]}]}
    ancestors: [boss_web,boss_sup,<0.92.0>]
    messages: []
    links: []
    dictionary: []
    trap_exit: true
    status: running
    heap_size: 987
    stack_size: 27
    reductions: 293
  neighbours:
2014-05-28 17:12:26 =ERROR REPORT====
** Generic server boss_mail_sup terminating 
** Last message in was {'EXIT',<0.94.0>,{undef,[{bcrypt,start,[],[]},{boss_web_controller,process_compile_result,3,[{file,"src/boss/boss_web_controller.erl"},{line,260}]},{lists,foldl,3,[{file,"lists.erl"},{line,1261}]},{boss_web_controller_util,make_boss_app_info,10,[{file,"src/boss/boss_web_controller_util.erl"},{line,21}]},{lists,map,2,[{file,"lists.erl"},{line,1237}]},{lists,map,2,[{file,"lists.erl"},{line,1237}]},{boss_web_controller,handle_info,2,[{file,"src/boss/boss_web_controller.erl"},{line,101}]},{gen_server,handle_msg,5,[{file,"gen_server.erl"},{line,599}]}]}}
** When Server state == {state,{local,boss_mail_sup},one_for_one,[{child,<0.155.0>,mail_controller,{boss_mail_controller,start_link,[[{driver,boss_mail_driver_smtp}]]},permanent,2000,worker,[boss_mail_controller]}],undefined,10,10,[],boss_mail_sup,[{driver,boss_mail_driver_smtp}]}
** Reason for termination == 
** {'module could not be loaded',[{bcrypt,start,[],[]},{boss_web_controller,process_compile_result,3,[{file,"src/boss/boss_web_controller.erl"},{line,260}]},{lists,foldl,3,[{file,"lists.erl"},{line,1261}]},{boss_web_controller_util,make_boss_app_info,10,[{file,"src/boss/boss_web_controller_util.erl"},{line,21}]},{lists,map,2,[{file,"lists.erl"},{line,1237}]},{lists,map,2,[{file,"lists.erl"},{line,1237}]},{boss_web_controller,handle_info,2,[{file,"src/boss/boss_web_controller.erl"},{line,101}]},{gen_server,handle_msg,5,[{file,"gen_server.erl"},{line,599}]}]}
2014-05-28 17:12:26 =CRASH REPORT====
  crasher:
    initial call: supervisor:boss_mail_sup/1
    pid: <0.154.0>
    registered_name: boss_mail_sup
    exception exit: {{undef,[{bcrypt,start,[],[]},{boss_web_controller,process_compile_result,3,[{file,"src/boss/boss_web_controller.erl"},{line,260}]},{lists,foldl,3,[{file,"lists.erl"},{line,1261}]},{boss_web_controller_util,make_boss_app_info,10,[{file,"src/boss/boss_web_controller_util.erl"},{line,21}]},{lists,map,2,[{file,"lists.erl"},{line,1237}]},{lists,map,2,[{file,"lists.erl"},{line,1237}]},{boss_web_controller,handle_info,2,[{file,"src/boss/boss_web_controller.erl"},{line,101}]},{gen_server,handle_msg,5,[{file,"gen_server.erl"},{line,599}]}]},[{gen_server,terminate,6,[{file,"gen_server.erl"},{line,746}]},{proc_lib,init_p_do_apply,3,[{file,"proc_lib.erl"},{line,239}]}]}
    ancestors: [boss_web,boss_sup,<0.92.0>]
    messages: []
    links: []
    dictionary: []
    trap_exit: true
    status: running
    heap_size: 987
    stack_size: 27
    reductions: 246
  neighbours:
2014-05-28 17:12:26 =ERROR REPORT====
** Generic server boss_news_sup terminating 
** Last message in was {'EXIT',<0.94.0>,{undef,[{bcrypt,start,[],[]},{boss_web_controller,process_compile_result,3,[{file,"src/boss/boss_web_controller.erl"},{line,260}]},{lists,foldl,3,[{file,"lists.erl"},{line,1261}]},{boss_web_controller_util,make_boss_app_info,10,[{file,"src/boss/boss_web_controller_util.erl"},{line,21}]},{lists,map,2,[{file,"lists.erl"},{line,1237}]},{lists,map,2,[{file,"lists.erl"},{line,1237}]},{boss_web_controller,handle_info,2,[{file,"src/boss/boss_web_controller.erl"},{line,101}]},{gen_server,handle_msg,5,[{file,"gen_server.erl"},{line,599}]}]}}
** When Server state == {state,{global,boss_news_sup},one_for_one,[{child,<0.153.0>,news_controller,{boss_news_controller,start_link,[[]]},permanent,2000,worker,[boss_news_controller]}],undefined,10,10,[],boss_news_sup,[]}
** Reason for termination == 
** {'module could not be loaded',[{bcrypt,start,[],[]},{boss_web_controller,process_compile_result,3,[{file,"src/boss/boss_web_controller.erl"},{line,260}]},{lists,foldl,3,[{file,"lists.erl"},{line,1261}]},{boss_web_controller_util,make_boss_app_info,10,[{file,"src/boss/boss_web_controller_util.erl"},{line,21}]},{lists,map,2,[{file,"lists.erl"},{line,1237}]},{lists,map,2,[{file,"lists.erl"},{line,1237}]},{boss_web_controller,handle_info,2,[{file,"src/boss/boss_web_controller.erl"},{line,101}]},{gen_server,handle_msg,5,[{file,"gen_server.erl"},{line,599}]}]}
2014-05-28 17:12:26 =CRASH REPORT====
  crasher:
    initial call: supervisor:boss_news_sup/1
    pid: <0.152.0>
    registered_name: []
    exception exit: {{undef,[{bcrypt,start,[],[]},{boss_web_controller,process_compile_result,3,[{file,"src/boss/boss_web_controller.erl"},{line,260}]},{lists,foldl,3,[{file,"lists.erl"},{line,1261}]},{boss_web_controller_util,make_boss_app_info,10,[{file,"src/boss/boss_web_controller_util.erl"},{line,21}]},{lists,map,2,[{file,"lists.erl"},{line,1237}]},{lists,map,2,[{file,"lists.erl"},{line,1237}]},{boss_web_controller,handle_info,2,[{file,"src/boss/boss_web_controller.erl"},{line,101}]},{gen_server,handle_msg,5,[{file,"gen_server.erl"},{line,599}]}]},[{gen_server,terminate,6,[{file,"gen_server.erl"},{line,746}]},{proc_lib,init_p_do_apply,3,[{file,"proc_lib.erl"},{line,239}]}]}
    ancestors: [boss_web,boss_sup,<0.92.0>]
    messages: []
    links: []
    dictionary: []
    trap_exit: true
    status: running
    heap_size: 987
    stack_size: 27
    reductions: 266
  neighbours:
2014-05-28 17:12:26 =ERROR REPORT====
** Generic server <0.274.0> terminating 
** Last message in was {'EXIT',<0.94.0>,{undef,[{bcrypt,start,[],[]},{boss_web_controller,process_compile_result,3,[{file,"src/boss/boss_web_controller.erl"},{line,260}]},{lists,foldl,3,[{file,"lists.erl"},{line,1261}]},{boss_web_controller_util,make_boss_app_info,10,[{file,"src/boss/boss_web_controller_util.erl"},{line,21}]},{lists,map,2,[{file,"lists.erl"},{line,1237}]},{lists,map,2,[{file,"lists.erl"},{line,1237}]},{boss_web_controller,handle_info,2,[{file,"src/boss/boss_web_controller.erl"},{line,101}]},{gen_server,handle_msg,5,[{file,"gen_server.erl"},{line,599}]}]}}
** When Server state == {state,{<0.274.0>,boss_router_sup},one_for_one,[{child,<0.275.0>,router_controller,{boss_router_controller,start_link,[[{application,cb_admin},{controllers,[]}]]},permanent,2000,worker,[boss_router_controller]}],undefined,10,10,[],boss_router_sup,[{application,cb_admin},{controllers,[]}]}
** Reason for termination == 
** {'module could not be loaded',[{bcrypt,start,[],[]},{boss_web_controller,process_compile_result,3,[{file,"src/boss/boss_web_controller.erl"},{line,260}]},{lists,foldl,3,[{file,"lists.erl"},{line,1261}]},{boss_web_controller_util,make_boss_app_info,10,[{file,"src/boss/boss_web_controller_util.erl"},{line,21}]},{lists,map,2,[{file,"lists.erl"},{line,1237}]},{lists,map,2,[{file,"lists.erl"},{line,1237}]},{boss_web_controller,handle_info,2,[{file,"src/boss/boss_web_controller.erl"},{line,101}]},{gen_server,handle_msg,5,[{file,"gen_server.erl"},{line,599}]}]}
2014-05-28 17:12:26 =ERROR REPORT====
** Generic server boss_service_sup terminating 
** Last message in was {'EXIT',<0.94.0>,{undef,[{bcrypt,start,[],[]},{boss_web_controller,process_compile_result,3,[{file,"src/boss/boss_web_controller.erl"},{line,260}]},{lists,foldl,3,[{file,"lists.erl"},{line,1261}]},{boss_web_controller_util,make_boss_app_info,10,[{file,"src/boss/boss_web_controller_util.erl"},{line,21}]},{lists,map,2,[{file,"lists.erl"},{line,1237}]},{lists,map,2,[{file,"lists.erl"},{line,1237}]},{boss_web_controller,handle_info,2,[{file,"src/boss/boss_web_controller.erl"},{line,101}]},{gen_server,handle_msg,5,[{file,"gen_server.erl"},{line,599}]}]}}
** When Server state == {state,{global,boss_service_sup},one_for_all,[{child,<0.273.0>,boss_websocket_router,{boss_websocket_router,start_link,[]},permanent,5000,worker,[boss_websocket_router]}],undefined,10,10,[],boss_service_sup,[]}
** Reason for termination == 
** {'module could not be loaded',[{bcrypt,start,[],[]},{boss_web_controller,process_compile_result,3,[{file,"src/boss/boss_web_controller.erl"},{line,260}]},{lists,foldl,3,[{file,"lists.erl"},{line,1261}]},{boss_web_controller_util,make_boss_app_info,10,[{file,"src/boss/boss_web_controller_util.erl"},{line,21}]},{lists,map,2,[{file,"lists.erl"},{line,1237}]},{lists,map,2,[{file,"lists.erl"},{line,1237}]},{boss_web_controller,handle_info,2,[{file,"src/boss/boss_web_controller.erl"},{line,101}]},{gen_server,handle_msg,5,[{file,"gen_server.erl"},{line,599}]}]}
2014-05-28 17:12:26 =CRASH REPORT====
  crasher:
    initial call: supervisor:boss_router_sup/1
    pid: <0.274.0>
    registered_name: []
    exception exit: {{undef,[{bcrypt,start,[],[]},{boss_web_controller,process_compile_result,3,[{file,"src/boss/boss_web_controller.erl"},{line,260}]},{lists,foldl,3,[{file,"lists.erl"},{line,1261}]},{boss_web_controller_util,make_boss_app_info,10,[{file,"src/boss/boss_web_controller_util.erl"},{line,21}]},{lists,map,2,[{file,"lists.erl"},{line,1237}]},{lists,map,2,[{file,"lists.erl"},{line,1237}]},{boss_web_controller,handle_info,2,[{file,"src/boss/boss_web_controller.erl"},{line,101}]},{gen_server,handle_msg,5,[{file,"gen_server.erl"},{line,599}]}]},[{gen_server,terminate,6,[{file,"gen_server.erl"},{line,746}]},{proc_lib,init_p_do_apply,3,[{file,"proc_lib.erl"},{line,239}]}]}
    ancestors: [boss_web,boss_sup,<0.92.0>]
    messages: []
    links: []
    dictionary: []
    trap_exit: true
    status: running
    heap_size: 987
    stack_size: 27
    reductions: 258
  neighbours:
2014-05-28 17:12:26 =CRASH REPORT====
  crasher:
    initial call: supervisor:boss_service_sup/1
    pid: <0.158.0>
    registered_name: []
    exception exit: {{undef,[{bcrypt,start,[],[]},{boss_web_controller,process_compile_result,3,[{file,"src/boss/boss_web_controller.erl"},{line,260}]},{lists,foldl,3,[{file,"lists.erl"},{line,1261}]},{boss_web_controller_util,make_boss_app_info,10,[{file,"src/boss/boss_web_controller_util.erl"},{line,21}]},{lists,map,2,[{file,"lists.erl"},{line,1237}]},{lists,map,2,[{file,"lists.erl"},{line,1237}]},{boss_web_controller,handle_info,2,[{file,"src/boss/boss_web_controller.erl"},{line,101}]},{gen_server,handle_msg,5,[{file,"gen_server.erl"},{line,599}]}]},[{gen_server,terminate,6,[{file,"gen_server.erl"},{line,746}]},{proc_lib,init_p_do_apply,3,[{file,"proc_lib.erl"},{line,239}]}]}
    ancestors: [boss_web,boss_sup,<0.92.0>]
    messages: []
    links: []
    dictionary: []
    trap_exit: true
    status: running
    heap_size: 987
    stack_size: 27
    reductions: 286
  neighbours:
2014-05-28 17:12:26 =ERROR REPORT====
** Generic server <0.283.0> terminating 
** Last message in was {'EXIT',<0.94.0>,{undef,[{bcrypt,start,[],[]},{boss_web_controller,process_compile_result,3,[{file,"src/boss/boss_web_controller.erl"},{line,260}]},{lists,foldl,3,[{file,"lists.erl"},{line,1261}]},{boss_web_controller_util,make_boss_app_info,10,[{file,"src/boss/boss_web_controller_util.erl"},{line,21}]},{lists,map,2,[{file,"lists.erl"},{line,1237}]},{lists,map,2,[{file,"lists.erl"},{line,1237}]},{boss_web_controller,handle_info,2,[{file,"src/boss/boss_web_controller.erl"},{line,101}]},{gen_server,handle_msg,5,[{file,"gen_server.erl"},{line,599}]}]}}
** When Server state == {state,{<0.283.0>,boss_translator_sup},one_for_one,[{child,<0.284.0>,translator_controller,{boss_translator_controller,start_link,[[{application,autophage}]]},permanent,2000,worker,[boss_translator_controller]}],undefined,10,10,[],boss_translator_sup,[{application,autophage}]}
** Reason for termination == 
** {'module could not be loaded',[{bcrypt,start,[],[]},{boss_web_controller,process_compile_result,3,[{file,"src/boss/boss_web_controller.erl"},{line,260}]},{lists,foldl,3,[{file,"lists.erl"},{line,1261}]},{boss_web_controller_util,make_boss_app_info,10,[{file,"src/boss/boss_web_controller_util.erl"},{line,21}]},{lists,map,2,[{file,"lists.erl"},{line,1237}]},{lists,map,2,[{file,"lists.erl"},{line,1237}]},{boss_web_controller,handle_info,2,[{file,"src/boss/boss_web_controller.erl"},{line,101}]},{gen_server,handle_msg,5,[{file,"gen_server.erl"},{line,599}]}]}
2014-05-28 17:12:26 =CRASH REPORT====
  crasher:
    initial call: supervisor:boss_translator_sup/1
    pid: <0.283.0>
    registered_name: []
    exception exit: {{undef,[{bcrypt,start,[],[]},{boss_web_controller,process_compile_result,3,[{file,"src/boss/boss_web_controller.erl"},{line,260}]},{lists,foldl,3,[{file,"lists.erl"},{line,1261}]},{boss_web_controller_util,make_boss_app_info,10,[{file,"src/boss/boss_web_controller_util.erl"},{line,21}]},{lists,map,2,[{file,"lists.erl"},{line,1237}]},{lists,map,2,[{file,"lists.erl"},{line,1237}]},{boss_web_controller,handle_info,2,[{file,"src/boss/boss_web_controller.erl"},{line,101}]},{gen_server,handle_msg,5,[{file,"gen_server.erl"},{line,599}]}]},[{gen_server,terminate,6,[{file,"gen_server.erl"},{line,746}]},{proc_lib,init_p_do_apply,3,[{file,"proc_lib.erl"},{line,239}]}]}
    ancestors: [boss_web,boss_sup,<0.92.0>]
    messages: []
    links: []
    dictionary: []
    trap_exit: true
    status: running
    heap_size: 987
    stack_size: 27
    reductions: 278
  neighbours:
2014-05-28 17:12:26 =ERROR REPORT====
** Generic server <0.280.0> terminating 
** Last message in was {'EXIT',<0.94.0>,{undef,[{bcrypt,start,[],[]},{boss_web_controller,process_compile_result,3,[{file,"src/boss/boss_web_controller.erl"},{line,260}]},{lists,foldl,3,[{file,"lists.erl"},{line,1261}]},{boss_web_controller_util,make_boss_app_info,10,[{file,"src/boss/boss_web_controller_util.erl"},{line,21}]},{lists,map,2,[{file,"lists.erl"},{line,1237}]},{lists,map,2,[{file,"lists.erl"},{line,1237}]},{boss_web_controller,handle_info,2,[{file,"src/boss/boss_web_controller.erl"},{line,101}]},{gen_server,handle_msg,5,[{file,"gen_server.erl"},{line,599}]}]}}
** When Server state == {state,{<0.280.0>,boss_router_sup},one_for_one,[{child,<0.281.0>,router_controller,{boss_router_controller,start_link,[[{application,autophage},{controllers,["autophage_feed_controller"]}]]},permanent,2000,worker,[boss_router_controller]}],undefined,10,10,[],boss_router_sup,[{application,autophage},{controllers,["autophage_feed_controller"]}]}
** Reason for termination == 
** {'module could not be loaded',[{bcrypt,start,[],[]},{boss_web_controller,process_compile_result,3,[{file,"src/boss/boss_web_controller.erl"},{line,260}]},{lists,foldl,3,[{file,"lists.erl"},{line,1261}]},{boss_web_controller_util,make_boss_app_info,10,[{file,"src/boss/boss_web_controller_util.erl"},{line,21}]},{lists,map,2,[{file,"lists.erl"},{line,1237}]},{lists,map,2,[{file,"lists.erl"},{line,1237}]},{boss_web_controller,handle_info,2,[{file,"src/boss/boss_web_controller.erl"},{line,101}]},{gen_server,handle_msg,5,[{file,"gen_server.erl"},{line,599}]}]}
2014-05-28 17:12:26 =CRASH REPORT====
  crasher:
    initial call: supervisor:boss_router_sup/1
    pid: <0.280.0>
    registered_name: []
    exception exit: {{undef,[{bcrypt,start,[],[]},{boss_web_controller,process_compile_result,3,[{file,"src/boss/boss_web_controller.erl"},{line,260}]},{lists,foldl,3,[{file,"lists.erl"},{line,1261}]},{boss_web_controller_util,make_boss_app_info,10,[{file,"src/boss/boss_web_controller_util.erl"},{line,21}]},{lists,map,2,[{file,"lists.erl"},{line,1237}]},{lists,map,2,[{file,"lists.erl"},{line,1237}]},{boss_web_controller,handle_info,2,[{file,"src/boss/boss_web_controller.erl"},{line,101}]},{gen_server,handle_msg,5,[{file,"gen_server.erl"},{line,599}]}]},[{gen_server,terminate,6,[{file,"gen_server.erl"},{line,746}]},{proc_lib,init_p_do_apply,3,[{file,"proc_lib.erl"},{line,239}]}]}
    ancestors: [boss_web,boss_sup,<0.92.0>]
    messages: []
    links: []
    dictionary: []
    trap_exit: true
    status: running
    heap_size: 987
    stack_size: 27
    reductions: 281
  neighbours:
2014-05-28 17:12:26 =ERROR REPORT====
** Generic server <0.277.0> terminating 
** Last message in was {'EXIT',<0.94.0>,{undef,[{bcrypt,start,[],[]},{boss_web_controller,process_compile_result,3,[{file,"src/boss/boss_web_controller.erl"},{line,260}]},{lists,foldl,3,[{file,"lists.erl"},{line,1261}]},{boss_web_controller_util,make_boss_app_info,10,[{file,"src/boss/boss_web_controller_util.erl"},{line,21}]},{lists,map,2,[{file,"lists.erl"},{line,1237}]},{lists,map,2,[{file,"lists.erl"},{line,1237}]},{boss_web_controller,handle_info,2,[{file,"src/boss/boss_web_controller.erl"},{line,101}]},{gen_server,handle_msg,5,[{file,"gen_server.erl"},{line,599}]}]}}
** When Server state == {state,{<0.277.0>,boss_translator_sup},one_for_one,[{child,<0.278.0>,translator_controller,{boss_translator_controller,start_link,[[{application,cb_admin}]]},permanent,2000,worker,[boss_translator_controller]}],undefined,10,10,[],boss_translator_sup,[{application,cb_admin}]}
** Reason for termination == 
** {'module could not be loaded',[{bcrypt,start,[],[]},{boss_web_controller,process_compile_result,3,[{file,"src/boss/boss_web_controller.erl"},{line,260}]},{lists,foldl,3,[{file,"lists.erl"},{line,1261}]},{boss_web_controller_util,make_boss_app_info,10,[{file,"src/boss/boss_web_controller_util.erl"},{line,21}]},{lists,map,2,[{file,"lists.erl"},{line,1237}]},{lists,map,2,[{file,"lists.erl"},{line,1237}]},{boss_web_controller,handle_info,2,[{file,"src/boss/boss_web_controller.erl"},{line,101}]},{gen_server,handle_msg,5,[{file,"gen_server.erl"},{line,599}]}]}
2014-05-28 17:12:26 =CRASH REPORT====
  crasher:
    initial call: supervisor:boss_translator_sup/1
    pid: <0.277.0>
    registered_name: []
    exception exit: {{undef,[{bcrypt,start,[],[]},{boss_web_controller,process_compile_result,3,[{file,"src/boss/boss_web_controller.erl"},{line,260}]},{lists,foldl,3,[{file,"lists.erl"},{line,1261}]},{boss_web_controller_util,make_boss_app_info,10,[{file,"src/boss/boss_web_controller_util.erl"},{line,21}]},{lists,map,2,[{file,"lists.erl"},{line,1237}]},{lists,map,2,[{file,"lists.erl"},{line,1237}]},{boss_web_controller,handle_info,2,[{file,"src/boss/boss_web_controller.erl"},{line,101}]},{gen_server,handle_msg,5,[{file,"gen_server.erl"},{line,599}]}]},[{gen_server,terminate,6,[{file,"gen_server.erl"},{line,746}]},{proc_lib,init_p_do_apply,3,[{file,"proc_lib.erl"},{line,239}]}]}
    ancestors: [boss_web,boss_sup,<0.92.0>]
    messages: []
    links: []
    dictionary: []
    trap_exit: true
    status: running
    heap_size: 987
    stack_size: 27
    reductions: 292
  neighbours:
2014-05-28 17:12:27 =ERROR REPORT====
** Generic server boss_web terminating 
** Last message in was timeout
** When Server state == {state,[],<0.815.0>,{ok,<0.919.0>},undefined,true}
** Reason for termination == 
** {'module could not be loaded',[{bcrypt,start,[],[]},{boss_web_controller,process_compile_result,3,[{file,"src/boss/boss_web_controller.erl"},{line,260}]},{lists,foldl,3,[{file,"lists.erl"},{line,1261}]},{boss_web_controller_util,make_boss_app_info,10,[{file,"src/boss/boss_web_controller_util.erl"},{line,21}]},{lists,map,2,[{file,"lists.erl"},{line,1237}]},{lists,map,2,[{file,"lists.erl"},{line,1237}]},{boss_web_controller,handle_info,2,[{file,"src/boss/boss_web_controller.erl"},{line,101}]},{gen_server,handle_msg,5,[{file,"gen_server.erl"},{line,599}]}]}
2014-05-28 17:12:27 =CRASH REPORT====
  crasher:
    initial call: boss_web_controller:init/1
    pid: <0.775.0>
    registered_name: boss_web
    exception exit: {{undef,[{bcrypt,start,[],[]},{boss_web_controller,process_compile_result,3,[{file,"src/boss/boss_web_controller.erl"},{line,260}]},{lists,foldl,3,[{file,"lists.erl"},{line,1261}]},{boss_web_controller_util,make_boss_app_info,10,[{file,"src/boss/boss_web_controller_util.erl"},{line,21}]},{lists,map,2,[{file,"lists.erl"},{line,1237}]},{lists,map,2,[{file,"lists.erl"},{line,1237}]},{boss_web_controller,handle_info,2,[{file,"src/boss/boss_web_controller.erl"},{line,101}]},{gen_server,handle_msg,5,[{file,"gen_server.erl"},{line,599}]}]},[{gen_server,terminate,6,[{file,"gen_server.erl"},{line,746}]},{proc_lib,init_p_do_apply,3,[{file,"proc_lib.erl"},{line,239}]}]}
    ancestors: [boss_sup,<0.92.0>]
    messages: []
    links: [<0.815.0>,<0.923.0>,<0.926.0>,<0.929.0>,<0.920.0>,<0.786.0>,<0.811.0>,<0.813.0>,<0.809.0>,<0.776.0>,<0.784.0>,<0.93.0>]
    dictionary: [{random_seed,{8712,26823,9965}},{boss_environment,development}]
    trap_exit: false
    status: running
    heap_size: 1598
    stack_size: 27
    reductions: 190559
  neighbours:
2014-05-28 17:12:27 =ERROR REPORT====
** Generic server <0.929.0> terminating 
** Last message in was {'EXIT',<0.775.0>,{undef,[{bcrypt,start,[],[]},{boss_web_controller,process_compile_result,3,[{file,"src/boss/boss_web_controller.erl"},{line,260}]},{lists,foldl,3,[{file,"lists.erl"},{line,1261}]},{boss_web_controller_util,make_boss_app_info,10,[{file,"src/boss/boss_web_controller_util.erl"},{line,21}]},{lists,map,2,[{file,"lists.erl"},{line,1237}]},{lists,map,2,[{file,"lists.erl"},{line,1237}]},{boss_web_controller,handle_info,2,[{file,"src/boss/boss_web_controller.erl"},{line,101}]},{gen_server,handle_msg,5,[{file,"gen_server.erl"},{line,599}]}]}}
** When Server state == {state,{<0.929.0>,boss_translator_sup},one_for_one,[{child,<0.930.0>,translator_controller,{boss_translator_controller,start_link,[[{application,autophage}]]},permanent,2000,worker,[boss_translator_controller]}],undefined,10,10,[],boss_translator_sup,[{application,autophage}]}
** Reason for termination == 
** {'module could not be loaded',[{bcrypt,start,[],[]},{boss_web_controller,process_compile_result,3,[{file,"src/boss/boss_web_controller.erl"},{line,260}]},{lists,foldl,3,[{file,"lists.erl"},{line,1261}]},{boss_web_controller_util,make_boss_app_info,10,[{file,"src/boss/boss_web_controller_util.erl"},{line,21}]},{lists,map,2,[{file,"lists.erl"},{line,1237}]},{lists,map,2,[{file,"lists.erl"},{line,1237}]},{boss_web_controller,handle_info,2,[{file,"src/boss/boss_web_controller.erl"},{line,101}]},{gen_server,handle_msg,5,[{file,"gen_server.erl"},{line,599}]}]}
2014-05-28 17:12:27 =CRASH REPORT====
  crasher:
    initial call: supervisor:boss_translator_sup/1
    pid: <0.929.0>
    registered_name: []
    exception exit: {{undef,[{bcrypt,start,[],[]},{boss_web_controller,process_compile_result,3,[{file,"src/boss/boss_web_controller.erl"},{line,260}]},{lists,foldl,3,[{file,"lists.erl"},{line,1261}]},{boss_web_controller_util,make_boss_app_info,10,[{file,"src/boss/boss_web_controller_util.erl"},{line,21}]},{lists,map,2,[{file,"lists.erl"},{line,1237}]},{lists,map,2,[{file,"lists.erl"},{line,1237}]},{boss_web_controller,handle_info,2,[{file,"src/boss/boss_web_controller.erl"},{line,101}]},{gen_server,handle_msg,5,[{file,"gen_server.erl"},{line,599}]}]},[{gen_server,terminate,6,[{file,"gen_server.erl"},{line,746}]},{proc_lib,init_p_do_apply,3,[{file,"proc_lib.erl"},{line,239}]}]}
    ancestors: [boss_web,boss_sup,<0.92.0>]
    messages: []
    links: []
    dictionary: []
    trap_exit: true
    status: running
    heap_size: 987
    stack_size: 27
    reductions: 3852
  neighbours:
2014-05-28 17:12:27 =ERROR REPORT====
** Generic server <0.926.0> terminating 
** Last message in was {'EXIT',<0.775.0>,{undef,[{bcrypt,start,[],[]},{boss_web_controller,process_compile_result,3,[{file,"src/boss/boss_web_controller.erl"},{line,260}]},{lists,foldl,3,[{file,"lists.erl"},{line,1261}]},{boss_web_controller_util,make_boss_app_info,10,[{file,"src/boss/boss_web_controller_util.erl"},{line,21}]},{lists,map,2,[{file,"lists.erl"},{line,1237}]},{lists,map,2,[{file,"lists.erl"},{line,1237}]},{boss_web_controller,handle_info,2,[{file,"src/boss/boss_web_controller.erl"},{line,101}]},{gen_server,handle_msg,5,[{file,"gen_server.erl"},{line,599}]}]}}
** When Server state == {state,{<0.926.0>,boss_router_sup},one_for_one,[{child,<0.927.0>,router_controller,{boss_router_controller,start_link,[[{application,autophage},{controllers,["autophage_feed_controller"]}]]},permanent,2000,worker,[boss_router_controller]}],undefined,10,10,[],boss_router_sup,[{application,autophage},{controllers,["autophage_feed_controller"]}]}
** Reason for termination == 
** {'module could not be loaded',[{bcrypt,start,[],[]},{boss_web_controller,process_compile_result,3,[{file,"src/boss/boss_web_controller.erl"},{line,260}]},{lists,foldl,3,[{file,"lists.erl"},{line,1261}]},{boss_web_controller_util,make_boss_app_info,10,[{file,"src/boss/boss_web_controller_util.erl"},{line,21}]},{lists,map,2,[{file,"lists.erl"},{line,1237}]},{lists,map,2,[{file,"lists.erl"},{line,1237}]},{boss_web_controller,handle_info,2,[{file,"src/boss/boss_web_controller.erl"},{line,101}]},{gen_server,handle_msg,5,[{file,"gen_server.erl"},{line,599}]}]}
2014-05-28 17:12:27 =SUPERVISOR REPORT====
     Supervisor: {local,boss_sup}
     Context:    child_terminated
     Reason:     {undef,[{bcrypt,start,[],[]},{boss_web_controller,process_compile_result,3,[{file,"src/boss/boss_web_controller.erl"},{line,260}]},{lists,foldl,3,[{file,"lists.erl"},{line,1261}]},{boss_web_controller_util,make_boss_app_info,10,[{file,"src/boss/boss_web_controller_util.erl"},{line,21}]},{lists,map,2,[{file,"lists.erl"},{line,1237}]},{lists,map,2,[{file,"lists.erl"},{line,1237}]},{boss_web_controller,handle_info,2,[{file,"src/boss/boss_web_controller.erl"},{line,101}]},{gen_server,handle_msg,5,[{file,"gen_server.erl"},{line,599}]}]}
     Offender:   [{pid,<0.775.0>},{name,boss_web_controller},{mfargs,{boss_web_controller,start_link,[[{ip,"0.0.0.0"},{port,8001}]]}},{restart_type,permanent},{shutdown,5000},{child_type,worker}]

2014-05-28 17:12:27 =CRASH REPORT====
  crasher:
    initial call: supervisor:boss_router_sup/1
    pid: <0.926.0>
    registered_name: []
    exception exit: {{undef,[{bcrypt,start,[],[]},{boss_web_controller,process_compile_result,3,[{file,"src/boss/boss_web_controller.erl"},{line,260}]},{lists,foldl,3,[{file,"lists.erl"},{line,1261}]},{boss_web_controller_util,make_boss_app_info,10,[{file,"src/boss/boss_web_controller_util.erl"},{line,21}]},{lists,map,2,[{file,"lists.erl"},{line,1237}]},{lists,map,2,[{file,"lists.erl"},{line,1237}]},{boss_web_controller,handle_info,2,[{file,"src/boss/boss_web_controller.erl"},{line,101}]},{gen_server,handle_msg,5,[{file,"gen_server.erl"},{line,599}]}]},[{gen_server,terminate,6,[{file,"gen_server.erl"},{line,746}]},{proc_lib,init_p_do_apply,3,[{file,"proc_lib.erl"},{line,239}]}]}
    ancestors: [boss_web,boss_sup,<0.92.0>]
    messages: []
    links: []
    dictionary: []
    trap_exit: true
    status: running
    heap_size: 987
    stack_size: 27
    reductions: 3855
  neighbours:
2014-05-28 17:12:27 =ERROR REPORT====
** Generic server <0.923.0> terminating 
** Last message in was {'EXIT',<0.775.0>,{undef,[{bcrypt,start,[],[]},{boss_web_controller,process_compile_result,3,[{file,"src/boss/boss_web_controller.erl"},{line,260}]},{lists,foldl,3,[{file,"lists.erl"},{line,1261}]},{boss_web_controller_util,make_boss_app_info,10,[{file,"src/boss/boss_web_controller_util.erl"},{line,21}]},{lists,map,2,[{file,"lists.erl"},{line,1237}]},{lists,map,2,[{file,"lists.erl"},{line,1237}]},{boss_web_controller,handle_info,2,[{file,"src/boss/boss_web_controller.erl"},{line,101}]},{gen_server,handle_msg,5,[{file,"gen_server.erl"},{line,599}]}]}}
** When Server state == {state,{<0.923.0>,boss_translator_sup},one_for_one,[{child,<0.924.0>,translator_controller,{boss_translator_controller,start_link,[[{application,cb_admin}]]},permanent,2000,worker,[boss_translator_controller]}],undefined,10,10,[],boss_translator_sup,[{application,cb_admin}]}
** Reason for termination == 
** {'module could not be loaded',[{bcrypt,start,[],[]},{boss_web_controller,process_compile_result,3,[{file,"src/boss/boss_web_controller.erl"},{line,260}]},{lists,foldl,3,[{file,"lists.erl"},{line,1261}]},{boss_web_controller_util,make_boss_app_info,10,[{file,"src/boss/boss_web_controller_util.erl"},{line,21}]},{lists,map,2,[{file,"lists.erl"},{line,1237}]},{lists,map,2,[{file,"lists.erl"},{line,1237}]},{boss_web_controller,handle_info,2,[{file,"src/boss/boss_web_controller.erl"},{line,101}]},{gen_server,handle_msg,5,[{file,"gen_server.erl"},{line,599}]}]}
2014-05-28 17:12:27 =CRASH REPORT====
  crasher:
    initial call: supervisor:boss_translator_sup/1
    pid: <0.923.0>
    registered_name: []
    exception exit: {{undef,[{bcrypt,start,[],[]},{boss_web_controller,process_compile_result,3,[{file,"src/boss/boss_web_controller.erl"},{line,260}]},{lists,foldl,3,[{file,"lists.erl"},{line,1261}]},{boss_web_controller_util,make_boss_app_info,10,[{file,"src/boss/boss_web_controller_util.erl"},{line,21}]},{lists,map,2,[{file,"lists.erl"},{line,1237}]},{lists,map,2,[{file,"lists.erl"},{line,1237}]},{boss_web_controller,handle_info,2,[{file,"src/boss/boss_web_controller.erl"},{line,101}]},{gen_server,handle_msg,5,[{file,"gen_server.erl"},{line,599}]}]},[{gen_server,terminate,6,[{file,"gen_server.erl"},{line,746}]},{proc_lib,init_p_do_apply,3,[{file,"proc_lib.erl"},{line,239}]}]}
    ancestors: [boss_web,boss_sup,<0.92.0>]
    messages: []
    links: []
    dictionary: []
    trap_exit: true
    status: running
    heap_size: 987
    stack_size: 27
    reductions: 5499
  neighbours:
2014-05-28 17:12:27 =ERROR REPORT====
** Generic server <0.920.0> terminating 
** Last message in was {'EXIT',<0.775.0>,{undef,[{bcrypt,start,[],[]},{boss_web_controller,process_compile_result,3,[{file,"src/boss/boss_web_controller.erl"},{line,260}]},{lists,foldl,3,[{file,"lists.erl"},{line,1261}]},{boss_web_controller_util,make_boss_app_info,10,[{file,"src/boss/boss_web_controller_util.erl"},{line,21}]},{lists,map,2,[{file,"lists.erl"},{line,1237}]},{lists,map,2,[{file,"lists.erl"},{line,1237}]},{boss_web_controller,handle_info,2,[{file,"src/boss/boss_web_controller.erl"},{line,101}]},{gen_server,handle_msg,5,[{file,"gen_server.erl"},{line,599}]}]}}
** When Server state == {state,{<0.920.0>,boss_router_sup},one_for_one,[{child,<0.921.0>,router_controller,{boss_router_controller,start_link,[[{application,cb_admin},{controllers,[]}]]},permanent,2000,worker,[boss_router_controller]}],undefined,10,10,[],boss_router_sup,[{application,cb_admin},{controllers,[]}]}
** Reason for termination == 
** {'module could not be loaded',[{bcrypt,start,[],[]},{boss_web_controller,process_compile_result,3,[{file,"src/boss/boss_web_controller.erl"},{line,260}]},{lists,foldl,3,[{file,"lists.erl"},{line,1261}]},{boss_web_controller_util,make_boss_app_info,10,[{file,"src/boss/boss_web_controller_util.erl"},{line,21}]},{lists,map,2,[{file,"lists.erl"},{line,1237}]},{lists,map,2,[{file,"lists.erl"},{line,1237}]},{boss_web_controller,handle_info,2,[{file,"src/boss/boss_web_controller.erl"},{line,101}]},{gen_server,handle_msg,5,[{file,"gen_server.erl"},{line,599}]}]}
2014-05-28 17:12:27 =CRASH REPORT====
  crasher:
    initial call: supervisor:boss_router_sup/1
    pid: <0.920.0>
    registered_name: []
    exception exit: {{undef,[{bcrypt,start,[],[]},{boss_web_controller,process_compile_result,3,[{file,"src/boss/boss_web_controller.erl"},{line,260}]},{lists,foldl,3,[{file,"lists.erl"},{line,1261}]},{boss_web_controller_util,make_boss_app_info,10,[{file,"src/boss/boss_web_controller_util.erl"},{line,21}]},{lists,map,2,[{file,"lists.erl"},{line,1237}]},{lists,map,2,[{file,"lists.erl"},{line,1237}]},{boss_web_controller,handle_info,2,[{file,"src/boss/boss_web_controller.erl"},{line,101}]},{gen_server,handle_msg,5,[{file,"gen_server.erl"},{line,599}]}]},[{gen_server,terminate,6,[{file,"gen_server.erl"},{line,746}]},{proc_lib,init_p_do_apply,3,[{file,"proc_lib.erl"},{line,239}]}]}
    ancestors: [boss_web,boss_sup,<0.92.0>]
    messages: []
    links: []
    dictionary: []
    trap_exit: true
    status: running
    heap_size: 987
    stack_size: 27
    reductions: 4377
  neighbours:
2014-05-28 17:12:27 =SUPERVISOR REPORT====
     Supervisor: {<0.788.0>,poolboy_sup}
     Context:    shutdown_error
     Reason:     shutdown
     Offender:   [{nb_children,1},{name,boss_session_controller},{mfargs,{boss_session_controller,start_link,[[{name,{local,boss_session_pool}},{worker_module,boss_session_controller},{size,20},{max_overflow,40},{adapter,boss_session_adapter_mock},{session_exp_time,525600},{session_key,"_boss_session"}]]}},{restart_type,temporary},{shutdown,5000},{child_type,worker}]

2014-05-28 17:12:27 =ERROR REPORT====
** Generic server boss_mq_sup terminating 
** Last message in was {'EXIT',<0.775.0>,{undef,[{bcrypt,start,[],[]},{boss_web_controller,process_compile_result,3,[{file,"src/boss/boss_web_controller.erl"},{line,260}]},{lists,foldl,3,[{file,"lists.erl"},{line,1261}]},{boss_web_controller_util,make_boss_app_info,10,[{file,"src/boss/boss_web_controller_util.erl"},{line,21}]},{lists,map,2,[{file,"lists.erl"},{line,1237}]},{lists,map,2,[{file,"lists.erl"},{line,1237}]},{boss_web_controller,handle_info,2,[{file,"src/boss/boss_web_controller.erl"},{line,101}]},{gen_server,handle_msg,5,[{file,"gen_server.erl"},{line,599}]}]}}
** When Server state == {state,{global,boss_mq_sup},one_for_one,[{child,<0.810.0>,mq_controller,{boss_mq_controller,start_link,[[{adapter,boss_mq_adapter_tinymq}]]},permanent,2000,worker,[boss_mq_controller]}],undefined,10,10,[],boss_mq_sup,[{adapter,boss_mq_adapter_tinymq}]}
** Reason for termination == 
** {'module could not be loaded',[{bcrypt,start,[],[]},{boss_web_controller,process_compile_result,3,[{file,"src/boss/boss_web_controller.erl"},{line,260}]},{lists,foldl,3,[{file,"lists.erl"},{line,1261}]},{boss_web_controller_util,make_boss_app_info,10,[{file,"src/boss/boss_web_controller_util.erl"},{line,21}]},{lists,map,2,[{file,"lists.erl"},{line,1237}]},{lists,map,2,[{file,"lists.erl"},{line,1237}]},{boss_web_controller,handle_info,2,[{file,"src/boss/boss_web_controller.erl"},{line,101}]},{gen_server,handle_msg,5,[{file,"gen_server.erl"},{line,599}]}]}
2014-05-28 17:12:27 =CRASH REPORT====
  crasher:
    initial call: supervisor:boss_mq_sup/1
    pid: <0.809.0>
    registered_name: []
    exception exit: {{undef,[{bcrypt,start,[],[]},{boss_web_controller,process_compile_result,3,[{file,"src/boss/boss_web_controller.erl"},{line,260}]},{lists,foldl,3,[{file,"lists.erl"},{line,1261}]},{boss_web_controller_util,make_boss_app_info,10,[{file,"src/boss/boss_web_controller_util.erl"},{line,21}]},{lists,map,2,[{file,"lists.erl"},{line,1237}]},{lists,map,2,[{file,"lists.erl"},{line,1237}]},{boss_web_controller,handle_info,2,[{file,"src/boss/boss_web_controller.erl"},{line,101}]},{gen_server,handle_msg,5,[{file,"gen_server.erl"},{line,599}]}]},[{gen_server,terminate,6,[{file,"gen_server.erl"},{line,746}]},{proc_lib,init_p_do_apply,3,[{file,"proc_lib.erl"},{line,239}]}]}
    ancestors: [boss_web,boss_sup,<0.92.0>]
    messages: []
    links: []
    dictionary: []
    trap_exit: true
    status: running
    heap_size: 987
    stack_size: 27
    reductions: 3599
  neighbours:
2014-05-28 17:12:27 =ERROR REPORT====
** Generic server boss_news_sup terminating 
** Last message in was {'EXIT',<0.775.0>,{undef,[{bcrypt,start,[],[]},{boss_web_controller,process_compile_result,3,[{file,"src/boss/boss_web_controller.erl"},{line,260}]},{lists,foldl,3,[{file,"lists.erl"},{line,1261}]},{boss_web_controller_util,make_boss_app_info,10,[{file,"src/boss/boss_web_controller_util.erl"},{line,21}]},{lists,map,2,[{file,"lists.erl"},{line,1237}]},{lists,map,2,[{file,"lists.erl"},{line,1237}]},{boss_web_controller,handle_info,2,[{file,"src/boss/boss_web_controller.erl"},{line,101}]},{gen_server,handle_msg,5,[{file,"gen_server.erl"},{line,599}]}]}}
** When Server state == {state,{global,boss_news_sup},one_for_one,[{child,<0.812.0>,news_controller,{boss_news_controller,start_link,[[]]},permanent,2000,worker,[boss_news_controller]}],undefined,10,10,[],boss_news_sup,[]}
** Reason for termination == 
** {'module could not be loaded',[{bcrypt,start,[],[]},{boss_web_controller,process_compile_result,3,[{file,"src/boss/boss_web_controller.erl"},{line,260}]},{lists,foldl,3,[{file,"lists.erl"},{line,1261}]},{boss_web_controller_util,make_boss_app_info,10,[{file,"src/boss/boss_web_controller_util.erl"},{line,21}]},{lists,map,2,[{file,"lists.erl"},{line,1237}]},{lists,map,2,[{file,"lists.erl"},{line,1237}]},{boss_web_controller,handle_info,2,[{file,"src/boss/boss_web_controller.erl"},{line,101}]},{gen_server,handle_msg,5,[{file,"gen_server.erl"},{line,599}]}]}
2014-05-28 17:12:27 =CRASH REPORT====
  crasher:
    initial call: supervisor:boss_news_sup/1
    pid: <0.811.0>
    registered_name: []
    exception exit: {{undef,[{bcrypt,start,[],[]},{boss_web_controller,process_compile_result,3,[{file,"src/boss/boss_web_controller.erl"},{line,260}]},{lists,foldl,3,[{file,"lists.erl"},{line,1261}]},{boss_web_controller_util,make_boss_app_info,10,[{file,"src/boss/boss_web_controller_util.erl"},{line,21}]},{lists,map,2,[{file,"lists.erl"},{line,1237}]},{lists,map,2,[{file,"lists.erl"},{line,1237}]},{boss_web_controller,handle_info,2,[{file,"src/boss/boss_web_controller.erl"},{line,101}]},{gen_server,handle_msg,5,[{file,"gen_server.erl"},{line,599}]}]},[{gen_server,terminate,6,[{file,"gen_server.erl"},{line,746}]},{proc_lib,init_p_do_apply,3,[{file,"proc_lib.erl"},{line,239}]}]}
    ancestors: [boss_web,boss_sup,<0.92.0>]
    messages: []
    links: []
    dictionary: []
    trap_exit: true
    status: running
    heap_size: 987
    stack_size: 27
    reductions: 3606
  neighbours:
2014-05-28 17:12:27 =ERROR REPORT====
** Generic server boss_service_sup terminating 
** Last message in was {'EXIT',<0.775.0>,{undef,[{bcrypt,start,[],[]},{boss_web_controller,process_compile_result,3,[{file,"src/boss/boss_web_controller.erl"},{line,260}]},{lists,foldl,3,[{file,"lists.erl"},{line,1261}]},{boss_web_controller_util,make_boss_app_info,10,[{file,"src/boss/boss_web_controller_util.erl"},{line,21}]},{lists,map,2,[{file,"lists.erl"},{line,1237}]},{lists,map,2,[{file,"lists.erl"},{line,1237}]},{boss_web_controller,handle_info,2,[{file,"src/boss/boss_web_controller.erl"},{line,101}]},{gen_server,handle_msg,5,[{file,"gen_server.erl"},{line,599}]}]}}
** When Server state == {state,{global,boss_service_sup},one_for_all,[{child,<0.919.0>,boss_websocket_router,{boss_websocket_router,start_link,[]},permanent,5000,worker,[boss_websocket_router]}],undefined,10,10,[],boss_service_sup,[]}
** Reason for termination == 
** {'module could not be loaded',[{bcrypt,start,[],[]},{boss_web_controller,process_compile_result,3,[{file,"src/boss/boss_web_controller.erl"},{line,260}]},{lists,foldl,3,[{file,"lists.erl"},{line,1261}]},{boss_web_controller_util,make_boss_app_info,10,[{file,"src/boss/boss_web_controller_util.erl"},{line,21}]},{lists,map,2,[{file,"lists.erl"},{line,1237}]},{lists,map,2,[{file,"lists.erl"},{line,1237}]},{boss_web_controller,handle_info,2,[{file,"src/boss/boss_web_controller.erl"},{line,101}]},{gen_server,handle_msg,5,[{file,"gen_server.erl"},{line,599}]}]}
2014-05-28 17:12:27 =CRASH REPORT====
  crasher:
    initial call: supervisor:boss_service_sup/1
    pid: <0.815.0>
    registered_name: []
    exception exit: {{undef,[{bcrypt,start,[],[]},{boss_web_controller,process_compile_result,3,[{file,"src/boss/boss_web_controller.erl"},{line,260}]},{lists,foldl,3,[{file,"lists.erl"},{line,1261}]},{boss_web_controller_util,make_boss_app_info,10,[{file,"src/boss/boss_web_controller_util.erl"},{line,21}]},{lists,map,2,[{file,"lists.erl"},{line,1237}]},{lists,map,2,[{file,"lists.erl"},{line,1237}]},{boss_web_controller,handle_info,2,[{file,"src/boss/boss_web_controller.erl"},{line,101}]},{gen_server,handle_msg,5,[{file,"gen_server.erl"},{line,599}]}]},[{gen_server,terminate,6,[{file,"gen_server.erl"},{line,746}]},{proc_lib,init_p_do_apply,3,[{file,"proc_lib.erl"},{line,239}]}]}
    ancestors: [boss_web,boss_sup,<0.92.0>]
    messages: []
    links: []
    dictionary: []
    trap_exit: true
    status: running
    heap_size: 987
    stack_size: 27
    reductions: 3625
  neighbours:
2014-05-28 17:12:27 =ERROR REPORT====
** Generic server boss_session_mock_sup terminating 
** Last message in was {'EXIT',<0.775.0>,{undef,[{bcrypt,start,[],[]},{boss_web_controller,process_compile_result,3,[{file,"src/boss/boss_web_controller.erl"},{line,260}]},{lists,foldl,3,[{file,"lists.erl"},{line,1261}]},{boss_web_controller_util,make_boss_app_info,10,[{file,"src/boss/boss_web_controller_util.erl"},{line,21}]},{lists,map,2,[{file,"lists.erl"},{line,1237}]},{lists,map,2,[{file,"lists.erl"},{line,1237}]},{boss_web_controller,handle_info,2,[{file,"src/boss/boss_web_controller.erl"},{line,101}]},{gen_server,handle_msg,5,[{file,"gen_server.erl"},{line,599}]}]}}
** When Server state == {state,{global,boss_session_mock_sup},one_for_one,[{child,<0.785.0>,session_mock_controller,{boss_session_mock_controller,start_link,[[]]},permanent,2000,worker,[boss_session_mock_controller]}],undefined,10,10,[],boss_session_mock_sup,[]}
** Reason for termination == 
** {'module could not be loaded',[{bcrypt,start,[],[]},{boss_web_controller,process_compile_result,3,[{file,"src/boss/boss_web_controller.erl"},{line,260}]},{lists,foldl,3,[{file,"lists.erl"},{line,1261}]},{boss_web_controller_util,make_boss_app_info,10,[{file,"src/boss/boss_web_controller_util.erl"},{line,21}]},{lists,map,2,[{file,"lists.erl"},{line,1237}]},{lists,map,2,[{file,"lists.erl"},{line,1237}]},{boss_web_controller,handle_info,2,[{file,"src/boss/boss_web_controller.erl"},{line,101}]},{gen_server,handle_msg,5,[{file,"gen_server.erl"},{line,599}]}]}
2014-05-28 17:12:27 =CRASH REPORT====
  crasher:
    initial call: supervisor:boss_session_mock_sup/1
    pid: <0.784.0>
    registered_name: []
    exception exit: {{undef,[{bcrypt,start,[],[]},{boss_web_controller,process_compile_result,3,[{file,"src/boss/boss_web_controller.erl"},{line,260}]},{lists,foldl,3,[{file,"lists.erl"},{line,1261}]},{boss_web_controller_util,make_boss_app_info,10,[{file,"src/boss/boss_web_controller_util.erl"},{line,21}]},{lists,map,2,[{file,"lists.erl"},{line,1237}]},{lists,map,2,[{file,"lists.erl"},{line,1237}]},{boss_web_controller,handle_info,2,[{file,"src/boss/boss_web_controller.erl"},{line,101}]},{gen_server,handle_msg,5,[{file,"gen_server.erl"},{line,599}]}]},[{gen_server,terminate,6,[{file,"gen_server.erl"},{line,746}]},{proc_lib,init_p_do_apply,3,[{file,"proc_lib.erl"},{line,239}]}]}
    ancestors: [boss_web,boss_sup,<0.92.0>]
    messages: []
    links: []
    dictionary: []
    trap_exit: true
    status: running
    heap_size: 987
    stack_size: 27
    reductions: 3622
  neighbours:
2014-05-28 17:12:27 =ERROR REPORT====
** Generic server boss_db_sup terminating 
** Last message in was {'EXIT',<0.775.0>,{undef,[{bcrypt,start,[],[]},{boss_web_controller,process_compile_result,3,[{file,"src/boss/boss_web_controller.erl"},{line,260}]},{lists,foldl,3,[{file,"lists.erl"},{line,1261}]},{boss_web_controller_util,make_boss_app_info,10,[{file,"src/boss/boss_web_controller_util.erl"},{line,21}]},{lists,map,2,[{file,"lists.erl"},{line,1237}]},{lists,map,2,[{file,"lists.erl"},{line,1237}]},{boss_web_controller,handle_info,2,[{file,"src/boss/boss_web_controller.erl"},{line,101}]},{gen_server,handle_msg,5,[{file,"gen_server.erl"},{line,599}]}]}}
** When Server state == {state,{local,boss_db_sup},one_for_one,[{child,<0.777.0>,db_controller,{poolboy,start_link,[[{name,{local,boss_db_pool}},{worker_module,boss_db_controller},{size,5},{max_overflow,10},{adapter,mnesia},{cache_enable,false},{cache_prefix,db},{shards,[]},{is_master_node,true},{db_host,"localhost"},{db_port,1978}]]},permanent,2000,worker,[poolboy]}],undefined,10,10,[],boss_db_sup,[{adapter,mnesia},{cache_enable,false},{cache_prefix,db},{shards,[]},{is_master_node,true},{db_host,"localhost"},{db_port,1978}]}
** Reason for termination == 
** {'module could not be loaded',[{bcrypt,start,[],[]},{boss_web_controller,process_compile_result,3,[{file,"src/boss/boss_web_controller.erl"},{line,260}]},{lists,foldl,3,[{file,"lists.erl"},{line,1261}]},{boss_web_controller_util,make_boss_app_info,10,[{file,"src/boss/boss_web_controller_util.erl"},{line,21}]},{lists,map,2,[{file,"lists.erl"},{line,1237}]},{lists,map,2,[{file,"lists.erl"},{line,1237}]},{boss_web_controller,handle_info,2,[{file,"src/boss/boss_web_controller.erl"},{line,101}]},{gen_server,handle_msg,5,[{file,"gen_server.erl"},{line,599}]}]}
2014-05-28 17:12:27 =ERROR REPORT====
** Generic server boss_mail_sup terminating 
** Last message in was {'EXIT',<0.775.0>,{undef,[{bcrypt,start,[],[]},{boss_web_controller,process_compile_result,3,[{file,"src/boss/boss_web_controller.erl"},{line,260}]},{lists,foldl,3,[{file,"lists.erl"},{line,1261}]},{boss_web_controller_util,make_boss_app_info,10,[{file,"src/boss/boss_web_controller_util.erl"},{line,21}]},{lists,map,2,[{file,"lists.erl"},{line,1237}]},{lists,map,2,[{file,"lists.erl"},{line,1237}]},{boss_web_controller,handle_info,2,[{file,"src/boss/boss_web_controller.erl"},{line,101}]},{gen_server,handle_msg,5,[{file,"gen_server.erl"},{line,599}]}]}}
** When Server state == {state,{local,boss_mail_sup},one_for_one,[{child,<0.814.0>,mail_controller,{boss_mail_controller,start_link,[[{driver,boss_mail_driver_smtp}]]},permanent,2000,worker,[boss_mail_controller]}],undefined,10,10,[],boss_mail_sup,[{driver,boss_mail_driver_smtp}]}
** Reason for termination == 
** {'module could not be loaded',[{bcrypt,start,[],[]},{boss_web_controller,process_compile_result,3,[{file,"src/boss/boss_web_controller.erl"},{line,260}]},{lists,foldl,3,[{file,"lists.erl"},{line,1261}]},{boss_web_controller_util,make_boss_app_info,10,[{file,"src/boss/boss_web_controller_util.erl"},{line,21}]},{lists,map,2,[{file,"lists.erl"},{line,1237}]},{lists,map,2,[{file,"lists.erl"},{line,1237}]},{boss_web_controller,handle_info,2,[{file,"src/boss/boss_web_controller.erl"},{line,101}]},{gen_server,handle_msg,5,[{file,"gen_server.erl"},{line,599}]}]}
2014-05-28 17:12:27 =CRASH REPORT====
  crasher:
    initial call: supervisor:boss_db_sup/1
    pid: <0.776.0>
    registered_name: boss_db_sup
    exception exit: {{undef,[{bcrypt,start,[],[]},{boss_web_controller,process_compile_result,3,[{file,"src/boss/boss_web_controller.erl"},{line,260}]},{lists,foldl,3,[{file,"lists.erl"},{line,1261}]},{boss_web_controller_util,make_boss_app_info,10,[{file,"src/boss/boss_web_controller_util.erl"},{line,21}]},{lists,map,2,[{file,"lists.erl"},{line,1237}]},{lists,map,2,[{file,"lists.erl"},{line,1237}]},{boss_web_controller,handle_info,2,[{file,"src/boss/boss_web_controller.erl"},{line,101}]},{gen_server,handle_msg,5,[{file,"gen_server.erl"},{line,599}]}]},[{gen_server,terminate,6,[{file,"gen_server.erl"},{line,746}]},{proc_lib,init_p_do_apply,3,[{file,"proc_lib.erl"},{line,239}]}]}
    ancestors: [boss_web,boss_sup,<0.92.0>]
    messages: []
    links: []
    dictionary: []
    trap_exit: true
    status: running
    heap_size: 987
    stack_size: 27
    reductions: 3671
  neighbours:
2014-05-28 17:12:27 =CRASH REPORT====
  crasher:
    initial call: supervisor:boss_mail_sup/1
    pid: <0.813.0>
    registered_name: boss_mail_sup
    exception exit: {{undef,[{bcrypt,start,[],[]},{boss_web_controller,process_compile_result,3,[{file,"src/boss/boss_web_controller.erl"},{line,260}]},{lists,foldl,3,[{file,"lists.erl"},{line,1261}]},{boss_web_controller_util,make_boss_app_info,10,[{file,"src/boss/boss_web_controller_util.erl"},{line,21}]},{lists,map,2,[{file,"lists.erl"},{line,1237}]},{lists,map,2,[{file,"lists.erl"},{line,1237}]},{boss_web_controller,handle_info,2,[{file,"src/boss/boss_web_controller.erl"},{line,101}]},{gen_server,handle_msg,5,[{file,"gen_server.erl"},{line,599}]}]},[{gen_server,terminate,6,[{file,"gen_server.erl"},{line,746}]},{proc_lib,init_p_do_apply,3,[{file,"proc_lib.erl"},{line,239}]}]}
    ancestors: [boss_web,boss_sup,<0.92.0>]
    messages: []
    links: []
    dictionary: []
    trap_exit: true
    status: running
    heap_size: 987
    stack_size: 27
    reductions: 3590
  neighbours:
2014-05-28 17:12:27 =ERROR REPORT====
** Generic server boss_session_sup terminating 
** Last message in was {'EXIT',<0.775.0>,{undef,[{bcrypt,start,[],[]},{boss_web_controller,process_compile_result,3,[{file,"src/boss/boss_web_controller.erl"},{line,260}]},{lists,foldl,3,[{file,"lists.erl"},{line,1261}]},{boss_web_controller_util,make_boss_app_info,10,[{file,"src/boss/boss_web_controller_util.erl"},{line,21}]},{lists,map,2,[{file,"lists.erl"},{line,1237}]},{lists,map,2,[{file,"lists.erl"},{line,1237}]},{boss_web_controller,handle_info,2,[{file,"src/boss/boss_web_controller.erl"},{line,101}]},{gen_server,handle_msg,5,[{file,"gen_server.erl"},{line,599}]}]}}
** When Server state == {state,{local,boss_session_sup},one_for_one,[{child,<0.787.0>,session_controller,{poolboy,start_link,[[{name,{local,boss_session_pool}},{worker_module,boss_session_controller},{size,20},{max_overflow,40},{adapter,boss_session_adapter_mock},{session_exp_time,525600},{session_key,"_boss_session"}]]},permanent,2000,worker,[poolboy]}],undefined,10,10,[],boss_session_sup,[{adapter,boss_session_adapter_mock},{session_exp_time,525600},{session_key,"_boss_session"}]}
** Reason for termination == 
** {'module could not be loaded',[{bcrypt,start,[],[]},{boss_web_controller,process_compile_result,3,[{file,"src/boss/boss_web_controller.erl"},{line,260}]},{lists,foldl,3,[{file,"lists.erl"},{line,1261}]},{boss_web_controller_util,make_boss_app_info,10,[{file,"src/boss/boss_web_controller_util.erl"},{line,21}]},{lists,map,2,[{file,"lists.erl"},{line,1237}]},{lists,map,2,[{file,"lists.erl"},{line,1237}]},{boss_web_controller,handle_info,2,[{file,"src/boss/boss_web_controller.erl"},{line,101}]},{gen_server,handle_msg,5,[{file,"gen_server.erl"},{line,599}]}]}
2014-05-28 17:12:27 =CRASH REPORT====
  crasher:
    initial call: supervisor:boss_session_sup/1
    pid: <0.786.0>
    registered_name: boss_session_sup
    exception exit: {{undef,[{bcrypt,start,[],[]},{boss_web_controller,process_compile_result,3,[{file,"src/boss/boss_web_controller.erl"},{line,260}]},{lists,foldl,3,[{file,"lists.erl"},{line,1261}]},{boss_web_controller_util,make_boss_app_info,10,[{file,"src/boss/boss_web_controller_util.erl"},{line,21}]},{lists,map,2,[{file,"lists.erl"},{line,1237}]},{lists,map,2,[{file,"lists.erl"},{line,1237}]},{boss_web_controller,handle_info,2,[{file,"src/boss/boss_web_controller.erl"},{line,101}]},{gen_server,handle_msg,5,[{file,"gen_server.erl"},{line,599}]}]},[{gen_server,terminate,6,[{file,"gen_server.erl"},{line,746}]},{proc_lib,init_p_do_apply,3,[{file,"proc_lib.erl"},{line,239}]}]}
    ancestors: [boss_web,boss_sup,<0.92.0>]
    messages: []
    links: []
    dictionary: []
    trap_exit: true
    status: running
    heap_size: 987
    stack_size: 27
    reductions: 3682
  neighbours:
